/*C2*/SET SCHEMA PUBLIC
alter table CANAL_ListaDeReproduccion drop constraint UK_rh1oo17r1xiybooh3yssxrn0y
alter table CANAL_ListaDeReproduccion add constraint UK_rh1oo17r1xiybooh3yssxrn0y unique (listas_ID)
alter table CANAL_VIDEO drop constraint UK_pv4pu1fwo7bedh8pdu7n6mihg
alter table CANAL_VIDEO add constraint UK_pv4pu1fwo7bedh8pdu7n6mihg unique (videos_ID)
alter table COMENTARIO_COMENTARIO drop constraint UK_sasyp2f8gtosaqnt5c5ojcenl
alter table COMENTARIO_COMENTARIO add constraint UK_sasyp2f8gtosaqnt5c5ojcenl unique (hijos_id)
/*C3*/SET SCHEMA PUBLIC
alter table CANAL_ListaDeReproduccion drop constraint UK_rh1oo17r1xiybooh3yssxrn0y
alter table CANAL_ListaDeReproduccion add constraint UK_rh1oo17r1xiybooh3yssxrn0y unique (listas_ID)
alter table CANAL_VIDEO drop constraint UK_pv4pu1fwo7bedh8pdu7n6mihg
alter table CANAL_VIDEO add constraint UK_pv4pu1fwo7bedh8pdu7n6mihg unique (videos_ID)
alter table COMENTARIO_COMENTARIO drop constraint UK_sasyp2f8gtosaqnt5c5ojcenl
alter table COMENTARIO_COMENTARIO add constraint UK_sasyp2f8gtosaqnt5c5ojcenl unique (hijos_id)
/*C4*/SET SCHEMA PUBLIC
alter table CANAL_ListaDeReproduccion drop constraint UK_rh1oo17r1xiybooh3yssxrn0y
alter table CANAL_ListaDeReproduccion add constraint UK_rh1oo17r1xiybooh3yssxrn0y unique (listas_ID)
alter table CANAL_VIDEO drop constraint UK_pv4pu1fwo7bedh8pdu7n6mihg
alter table CANAL_VIDEO add constraint UK_pv4pu1fwo7bedh8pdu7n6mihg unique (videos_ID)
alter table COMENTARIO_COMENTARIO drop constraint UK_sasyp2f8gtosaqnt5c5ojcenl
alter table COMENTARIO_COMENTARIO add constraint UK_sasyp2f8gtosaqnt5c5ojcenl unique (hijos_id)
